The other day upon the stair,
I met a man who wasn't there.
He wasn't there again today,
I think he's from the CIA.

In the output begin0 should be at the left margin, then begin1 to begin wayout
should be indented by three spaces. Then the "It's scary" should be
positioned over the "a" ofd margin. The rest should be at the left margin.

begin0
   begin1
   begin2
   begin3
   begin4
   begin wayout----------V
                      It's scary out here
So far from the left margin.
end   wayout----------^
end4
end3
end2
end1
end0
